556570894
85424165
641994031
646136490
645761356
641635068
646158956
345736039
643456781
645564136
602675068
344601083
559935336
501977703
556435264
526394935
640435960
525306319
346379319
346601220
349476999
523300383
521572543
520556928
520536607
645827877
646025220
646152873
641160025
645226264
645692967
645550181
645559772
645792996
646123430
646170378
640829194
645371347
645973302
640894099
642231925
646020089
645491386
640912660
645621128
646171916
646269494
645911173
645593725
645603683
646059009
646102507
645909688
646204978
646399104
645486617
646350469
646248898
646158756
646193838
646167575
646172562
646091799
645937180
646002967
646231283
646189965
646295478
646320090
646037231
645526462
645716724
645689995
645322602
645745426
646070921
646146528
646381566
638482092
646224455
646093474
646058983
645509891
645383927
644915742
645730218
646043504
645759047
646066447
646275385
645651353
645647371
646017370
645821568
645728551
646121076
646108924
646067622
646195905
645644797
